2015-12-20 05:23:06 Error: Fatal Error (4): syntax error, unexpected '<' in [/var/www/application/current/app/Config/database.php, line 54]
2015-12-20 05:23:06 Error: [FatalErrorException] syntax error, unexpected '<'
Request URL: /
Stack Trace:
#0 /var/www/application/current/app/vendor/cakephp/cakephp/lib/Cake/Error/ErrorHandler.php(203): ErrorHandler::handleFatalError(4, 'syntax error, u...', '/var/www/applic...', 54)
#1 [internal function]: ErrorHandler::handleError(4, 'syntax error, u...', '/var/www/applic...', 54, Array)
#2 /var/www/application/current/app/vendor/cakephp/cakephp/lib/Cake/Core/App.php(931): call_user_func('ErrorHandler::h...', 4, 'syntax error, u...', '/var/www/applic...', 54, Array)
#3 /var/www/application/current/app/vendor/cakephp/cakephp/lib/Cake/Core/App.php(904): App::_checkFatalError()
#4 [internal function]: App::shutdown()
#5 {main}
2015-12-20 05:23:46 Error: Fatal Error (4): syntax error, unexpected '}' in [/var/www/application/current/app/Config/database.php, line 97]
2015-12-20 05:23:46 Error: [FatalErrorException] syntax error, unexpected '}'
Request URL: /
Stack Trace:
#0 /var/www/application/current/app/vendor/cakephp/cakephp/lib/Cake/Error/ErrorHandler.php(203): ErrorHandler::handleFatalError(4, 'syntax error, u...', '/var/www/applic...', 97)
#1 [internal function]: ErrorHandler::handleError(4, 'syntax error, u...', '/var/www/applic...', 97, Array)
#2 /var/www/application/current/app/vendor/cakephp/cakephp/lib/Cake/Core/App.php(931): call_user_func('ErrorHandler::h...', 4, 'syntax error, u...', '/var/www/applic...', 97, Array)
#3 /var/www/application/current/app/vendor/cakephp/cakephp/lib/Cake/Core/App.php(904): App::_checkFatalError()
#4 [internal function]: App::shutdown()
#5 {main}
